
                         MODELLER 9.16, 2016/01/07, r10745

     PROTEIN STRUCTURE MODELLING BY SATISFACTION OF SPATIAL RESTRAINTS


                     Copyright(c) 1989-2016 Andrej Sali
                            All Rights Reserved

                             Written by A. Sali
                               with help from
              B. Webb, M.S. Madhusudhan, M-Y. Shen, G.Q. Dong,
          M.A. Marti-Renom, N. Eswar, F. Alber, M. Topf, B. Oliva,
             A. Fiser, R. Sanchez, B. Yerkovich, A. Badretdinov,
                     F. Melo, J.P. Overington, E. Feyfant
                 University of California, San Francisco, USA
                    Rockefeller University, New York, USA
                      Harvard University, Cambridge, USA
                   Imperial Cancer Research Fund, London, UK
              Birkbeck College, University of London, London, UK


Kind, OS, HostName, Kernel, Processor: 4, Linux sams 5.4.0-94-generic x86_64
Date and time of compilation         : 2016/01/07 09:04:56
MODELLER executable type             : x86_64-intel8
Job starting time (YY/MM/DD HH:MM:SS): 2022/01/24 09:03:40

openf___224_> Open           $(LIB)/restyp.lib
openf___224_> Open           ${MODINSTALL9v16}/modlib/resgrp.lib
rdresgr_266_> Number of residue groups:        2
openf___224_> Open           ${MODINSTALL9v16}/modlib/sstruc.lib

Dynamically allocated memory at   amaxlibraries [B,KiB,MiB]:       191566     187.076     0.183

Dynamically allocated memory at   amaxlibraries [B,KiB,MiB]:       192094     187.592     0.183
openf___224_> Open           ${MODINSTALL9v16}/modlib/resdih.lib

Dynamically allocated memory at   amaxlibraries [B,KiB,MiB]:       240694     235.053     0.230
rdrdih__263_> Number of dihedral angle types         :        9
              Maximal number of dihedral angle optima:        3
              Dihedral angle names                   :  Alph Phi Psi Omeg chi1 chi2 chi3 chi4 chi5
openf___224_> Open           ${MODINSTALL9v16}/modlib/radii.lib

Dynamically allocated memory at   amaxlibraries [B,KiB,MiB]:       253994     248.041     0.242
openf___224_> Open           ${MODINSTALL9v16}/modlib/radii14.lib
openf___224_> Open           ${MODINSTALL9v16}/modlib/af_mnchdef.lib
rdwilmo_274_> Mainchain residue conformation classes:  APBLE
openf___224_> Open           ${MODINSTALL9v16}/modlib/mnch.lib
rdclass_257_> Number of classes:        5
openf___224_> Open           ${MODINSTALL9v16}/modlib/mnch1.lib
openf___224_> Open           ${MODINSTALL9v16}/modlib/mnch2.lib
openf___224_> Open           ${MODINSTALL9v16}/modlib/mnch3.lib
openf___224_> Open           ${MODINSTALL9v16}/modlib/xs4.mat
rdrrwgh_268_> Number of residue types:       21
openf___224_> Open           work-2.ali

Dynamically allocated memory at   amaxalignment [B,KiB,MiB]:       265487     259.265     0.253

Dynamically allocated memory at   amaxalignment [B,KiB,MiB]:       266937     260.681     0.255

Dynamically allocated memory at   amaxalignment [B,KiB,MiB]:       269837     263.513     0.257

Dynamically allocated memory at   amaxalignment [B,KiB,MiB]:       275637     269.177     0.263

Dynamically allocated memory at   amaxalignment [B,KiB,MiB]:       287237     280.505     0.274

Dynamically allocated memory at   amaxalignment [B,KiB,MiB]:       515893     503.802     0.492

Dynamically allocated memory at    amaxsequence [B,KiB,MiB]:       517117     504.997     0.493

Dynamically allocated memory at    amaxsequence [B,KiB,MiB]:       518721     506.563     0.495

Read the alignment from file       : work-2.ali
Total number of alignment positions:   402

  #  Code        #_Res #_Segm PDB_code    Name
-------------------------------------------------------------------------------
  1  1D5R_modi     307      1 1D5R_modifi
  2   PTEN-seq     402      1    PTEN-seq
check_a_343_> >> BEGINNING OF COMMAND
openf___224_> Open           ./1D5R_modified.pdb

Dynamically allocated memory at amaxcoordinates [B,KiB,MiB]:       612546     598.189     0.584

Dynamically allocated memory at    amaxsequence [B,KiB,MiB]:       612546     598.189     0.584

Dynamically allocated memory at amaxcoordinates [B,KiB,MiB]:       612717     598.356     0.584

Dynamically allocated memory at amaxcoordinates [B,KiB,MiB]:       613567     599.187     0.585

Dynamically allocated memory at amaxcoordinates [B,KiB,MiB]:       614825     600.415     0.586

Dynamically allocated memory at amaxcoordinates [B,KiB,MiB]:       616729     602.274     0.588

Dynamically allocated memory at amaxcoordinates [B,KiB,MiB]:       619585     605.063     0.591

Dynamically allocated memory at    amaxsequence [B,KiB,MiB]:       619585     605.063     0.591

Dynamically allocated memory at amaxcoordinates [B,KiB,MiB]:       619675     605.151     0.591

Dynamically allocated memory at amaxcoordinates [B,KiB,MiB]:       623959     609.335     0.595

Dynamically allocated memory at    amaxsequence [B,KiB,MiB]:       623959     609.335     0.595

Dynamically allocated memory at amaxcoordinates [B,KiB,MiB]:       624094     609.467     0.595

Dynamically allocated memory at amaxcoordinates [B,KiB,MiB]:       630520     615.742     0.601

Dynamically allocated memory at    amaxsequence [B,KiB,MiB]:       630520     615.742     0.601

Dynamically allocated memory at amaxcoordinates [B,KiB,MiB]:       630718     615.936     0.601

Dynamically allocated memory at amaxcoordinates [B,KiB,MiB]:       640340     625.332     0.611

Dynamically allocated memory at    amaxsequence [B,KiB,MiB]:       640340     625.332     0.611

Dynamically allocated memory at amaxcoordinates [B,KiB,MiB]:       640637     625.622     0.611

Dynamically allocated memory at amaxcoordinates [B,KiB,MiB]:       655087     639.733     0.625

Dynamically allocated memory at    amaxsequence [B,KiB,MiB]:       655087     639.733     0.625

Dynamically allocated memory at amaxcoordinates [B,KiB,MiB]:       655537     640.173     0.625

Dynamically allocated memory at    amaxsequence [B,KiB,MiB]:       655537     640.173     0.625

Dynamically allocated memory at amaxcoordinates [B,KiB,MiB]:       656212     640.832     0.626

Dynamically allocated memory at amaxcoordinates [B,KiB,MiB]:       677870     661.982     0.646

Dynamically allocated memory at    amaxsequence [B,KiB,MiB]:       677870     661.982     0.646

Dynamically allocated memory at amaxcoordinates [B,KiB,MiB]:       678878     662.967     0.647

Dynamically allocated memory at amaxcoordinates [B,KiB,MiB]:       711382     694.709     0.678

Dynamically allocated memory at   amaxstructure [B,KiB,MiB]:       711112     694.445     0.678

check_ali___> Checking the sequence-structure alignment. 

Implied intrachain target CA(i)-CA(i+1) distances longer than  8.0 angstroms:

ALN_POS  TMPL  RID1  RID2  NAM1  NAM2     DIST
----------------------------------------------
END OF TABLE
check_a_344_> << END OF COMMAND
openf___224_> Open           ${LIB}/top_heav.lib
read_to_681_> topology.submodel read from topology file:        3
openf___224_> Open           ${LIB}/par.lib

Dynamically allocated memory at  amaxparameters [B,KiB,MiB]:       850364     830.434     0.811

Dynamically allocated memory at  amaxparameters [B,KiB,MiB]:       851964     831.996     0.812

Dynamically allocated memory at  amaxparameters [B,KiB,MiB]:       855944     835.883     0.816

Dynamically allocated memory at  amaxparameters [B,KiB,MiB]:       857944     837.836     0.818

Dynamically allocated memory at  amaxparameters [B,KiB,MiB]:       860944     840.766     0.821

Dynamically allocated memory at  amaxparameters [B,KiB,MiB]:       865444     845.160     0.825

Dynamically allocated memory at  amaxparameters [B,KiB,MiB]:       871016     850.602     0.831

Dynamically allocated memory at  amaxparameters [B,KiB,MiB]:       873816     853.336     0.833

Dynamically allocated memory at  amaxparameters [B,KiB,MiB]:       878016     857.438     0.837

Dynamically allocated memory at  amaxparameters [B,KiB,MiB]:       884316     863.590     0.843

Dynamically allocated memory at  amaxparameters [B,KiB,MiB]:       887088     866.297     0.846

Dynamically allocated memory at  amaxparameters [B,KiB,MiB]:       888488     867.664     0.847
read_pa_232_> parameters    BONDS   ANGLS  DIHEDS IMPROPS    MODE
                              227     561     661     112       0

Dynamically allocated memory at       amaxmodel [B,KiB,MiB]:       951445     929.146     0.907

Dynamically allocated memory at       amaxmodel [B,KiB,MiB]:      1278079    1248.124     1.219

Dynamically allocated memory at       amaxmodel [B,KiB,MiB]:      1329015    1297.866     1.267

mkilst______> segment topology constructed from sequence and RTF:
              segments residues atoms bonds angles dihedrals impropers:
                     1      402  3314  3401      0         0      1483

Dynamically allocated memory at       amaxmodel [B,KiB,MiB]:      1471471    1436.983     1.403

patch_______> segment topology patched using RTF:     1  ;  THR  ;  NTER
              segments residues atoms bonds angles dihedrals impropers:
                     1      402  3314  3401   4599      5456      1483


Dynamically allocated memory at       amaxmodel [B,KiB,MiB]:      1630527    1592.312     1.555
patch_______> segment topology patched using RTF:   402  ;  VAL  ;  CTER
              segments residues atoms bonds angles dihedrals impropers:
                     1      402  3315  3402   4601      5458      1484

genseg______> segment topology constructed from sequence and RTF:
              segments residues atoms bonds angles dihedrals impropers:
                     1      402  3315  3402   4601      5458      1484
transfe_506_> MODEL is an average of all templates.
transfe_511_> Number of templates for coordinate transfer:        1
              After transferring coordinates of the equivalent template atoms,
              there are defined, undefined atoms in MODEL:     2576      739
openf___224_> Open           PTEN-seq.ini
wrpdb___568_> Residues, atoms, selected atoms:      402     3315     3315
make_re_417_> Restraint type to be calculated:  stereo

Dynamically allocated memory at  amaxrestraints [B,KiB,MiB]:      1737576    1696.852     1.657

Dynamically allocated memory at  amaxrestraints [B,KiB,MiB]:      1745768    1704.852     1.665

Dynamically allocated memory at  amaxrestraints [B,KiB,MiB]:      1762152    1720.852     1.681

Dynamically allocated memory at  amaxrestraints [B,KiB,MiB]:      1794920    1752.852     1.712

Dynamically allocated memory at  amaxrestraints [B,KiB,MiB]:      1827688    1784.852     1.743

Dynamically allocated memory at  amaxrestraints [B,KiB,MiB]:      1893224    1848.852     1.806

Dynamically allocated memory at  amaxrestraints [B,KiB,MiB]:      1925992    1880.852     1.837

Dynamically allocated memory at  amaxrestraints [B,KiB,MiB]:      1958760    1912.852     1.868

Dynamically allocated memory at  amaxrestraints [B,KiB,MiB]:      2024296    1976.852     1.931

Dynamically allocated memory at  amaxrestraints [B,KiB,MiB]:      2155368    2104.852     2.056

Dynamically allocated memory at  amaxrestraints [B,KiB,MiB]:      2220904    2168.852     2.118

Dynamically allocated memory at  amaxrestraints [B,KiB,MiB]:      2286440    2232.852     2.181

Dynamically allocated memory at  amaxrestraints [B,KiB,MiB]:      2417512    2360.852     2.306

Dynamically allocated memory at  amaxrestraints [B,KiB,MiB]:      2679656    2616.852     2.556

Dynamically allocated memory at  amaxrestraints [B,KiB,MiB]:      2810728    2744.852     2.681
r_stere_606_> Stereochemical restraints were constructed from RTF & PRMF.
              Added bond,angle,dihedral,improper restraints  :     3402    4601    5234    1461
              Total number of restraints before, now         :        0    14698
make_re_422_> Number of previous, current restraints         :        0    14698
make_re_423_> Number of previous, current selected restraints:        0    14698
make_re_417_> Restraint type to be calculated:  phi-psi_binormal

Dynamically allocated memory at   amaxstructure [B,KiB,MiB]:      3047091    2975.675     2.906
openf___224_> Open           ${MODINSTALL9v16}/modlib/mnch1.bin
openf___224_> Open           ${MODINSTALL9v16}/modlib/mnch1.mdt
getdata_643_> Protein accepted:  1D5R_modified
getdata_289_> Proteins (all/accepted):        1        1

Dynamically allocated memory at  amaxrestraints [B,KiB,MiB]:      3178179    3103.690     3.031
make_re_422_> Number of previous, current restraints         :    14698    15098
make_re_423_> Number of previous, current selected restraints:    14698    15098
make_re_417_> Restraint type to be calculated:  omega_dihedral

Dynamically allocated memory at   amaxstructure [B,KiB,MiB]:      3178179    3103.690     3.031
openf___224_> Open           ${MODINSTALL9v16}/modlib/omega.bin
openf___224_> Open           ${MODINSTALL9v16}/modlib/omega.mdt
getdata_643_> Protein accepted:  1D5R_modified
getdata_289_> Proteins (all/accepted):        1        1
omgdel__425_> Unselected all O C +N +CA dihedrals:      424
              (This is to avoid clashes between STEREO
              and OMEGA_DIHEDRAL restraints)
make_re_422_> Number of previous, current restraints         :    15098    15499
make_re_423_> Number of previous, current selected restraints:    15098    15075
make_re_417_> Restraint type to be calculated:  chi1_dihedral

Dynamically allocated memory at   amaxstructure [B,KiB,MiB]:      3178179    3103.690     3.031
openf___224_> Open           ${MODINSTALL9v16}/modlib/chi1234.bin
openf___224_> Open           ${MODINSTALL9v16}/modlib/chi1.mdt
getdata_643_> Protein accepted:  1D5R_modified
getdata_289_> Proteins (all/accepted):        1        1
make_re_422_> Number of previous, current restraints         :    15499    15869
make_re_423_> Number of previous, current selected restraints:    15075    15445
make_re_417_> Restraint type to be calculated:  chi2_dihedral

Dynamically allocated memory at   amaxstructure [B,KiB,MiB]:      3178179    3103.690     3.031
openf___224_> Open           ${MODINSTALL9v16}/modlib/chi1234.bin
openf___224_> Open           ${MODINSTALL9v16}/modlib/chi2.mdt
getdata_643_> Protein accepted:  1D5R_modified
getdata_289_> Proteins (all/accepted):        1        1

Dynamically allocated memory at  amaxrestraints [B,KiB,MiB]:      3440323    3359.690     3.281
make_re_422_> Number of previous, current restraints         :    15869    16162
make_re_423_> Number of previous, current selected restraints:    15445    15738
make_re_417_> Restraint type to be calculated:  chi3_dihedral

Dynamically allocated memory at   amaxstructure [B,KiB,MiB]:      3440323    3359.690     3.281
openf___224_> Open           ${MODINSTALL9v16}/modlib/chi1234.bin
openf___224_> Open           ${MODINSTALL9v16}/modlib/chi3.mdt
getdata_643_> Protein accepted:  1D5R_modified
getdata_289_> Proteins (all/accepted):        1        1
make_re_422_> Number of previous, current restraints         :    16162    16289
make_re_423_> Number of previous, current selected restraints:    15738    15865
make_re_417_> Restraint type to be calculated:  chi4_dihedral

Dynamically allocated memory at   amaxstructure [B,KiB,MiB]:      3440323    3359.690     3.281
openf___224_> Open           ${MODINSTALL9v16}/modlib/chi1234.bin
openf___224_> Open           ${MODINSTALL9v16}/modlib/chi4.mdt
mdtrsr__446W> A potential that relies on one protein is used, yet you have at
              least one known structure available. MDT, not library, potential is used.
getdata_643_> Protein accepted:  1D5R_modified
getdata_289_> Proteins (all/accepted):        1        1
make_re_422_> Number of previous, current restraints         :    16289    16343
make_re_423_> Number of previous, current selected restraints:    15865    15919
make_re_417_> Restraint type to be calculated:  DISTANCE

Dynamically allocated memory at amaxhash_contac [B,KiB,MiB]:      4395007    4291.999     4.191

Dynamically allocated memory at  amaxrestraints [B,KiB,MiB]:      4657151    4547.999     4.441

Dynamically allocated memory at  amaxrestraints [B,KiB,MiB]:      5181439    5059.999     4.941

Dynamically allocated memory at  amaxrestraints [B,KiB,MiB]:      5443583    5315.999     5.191
make_re_422_> Number of previous, current restraints         :    16343    22417
make_re_423_> Number of previous, current selected restraints:    15919    21993
make_re_417_> Restraint type to be calculated:  DISTANCE
make_re_422_> Number of previous, current restraints         :    22417    28432
make_re_423_> Number of previous, current selected restraints:    21993    28008
make_re_417_> Restraint type to be calculated:  DISTANCE

Dynamically allocated memory at  amaxrestraints [B,KiB,MiB]:      5967871    5827.999     5.691
make_re_422_> Number of previous, current restraints         :    28432    34131
make_re_423_> Number of previous, current selected restraints:    28008    33707
make_re_417_> Restraint type to be calculated:  DISTANCE

Dynamically allocated memory at  amaxrestraints [B,KiB,MiB]:      7016447    6851.999     6.691
make_re_422_> Number of previous, current restraints         :    34131    37884
make_re_423_> Number of previous, current selected restraints:    33707    37460
0 atoms in HETATM/BLK residues constrained
to protein atoms within 2.30 angstroms
and protein CA atoms within 10.00 angstroms
make_re_417_> Restraint type to be calculated:  DISTANCE
make_re_422_> Number of previous, current restraints         :    37884    37884
make_re_423_> Number of previous, current selected restraints:    37460    37460
make_re_417_> Restraint type to be calculated:  DISTANCE
make_re_422_> Number of previous, current restraints         :    37884    37884
make_re_423_> Number of previous, current selected restraints:    37460    37460
make_re_417_> Restraint type to be calculated:  DISTANCE
make_re_422_> Number of previous, current restraints         :    37884    37884
make_re_423_> Number of previous, current selected restraints:    37460    37460
make_re_417_> Restraint type to be calculated:  DISTANCE
make_re_422_> Number of previous, current restraints         :    37884    37884
make_re_423_> Number of previous, current selected restraints:    37460    37460
0 atoms in residues without defined topology
constrained to be rigid bodies
make_re_417_> Restraint type to be calculated:  DISTANCE
make_re_422_> Number of previous, current restraints         :    37884    37884
make_re_423_> Number of previous, current selected restraints:    37460    37460
r_alpha_427_>        1 redundant cosine dihedral restraints were unselected.
rmdupl__427_>     2562 redundant cosine dihedral restraints were unselected.
condens_443_> Restraints marked for deletion were removed.
              Total number of restraints before, now:    38024    35038
openf___224_> Open           PTEN-seq.rsr
openf___224_> Open           PTEN-seq.rsr
rdcsr2__307_> Number of restraints read    :    35038
              Number of excluded pairs read:        0
              Number of pseudo atoms read  :        0
rdcsrs__304_> Restraints in memory, selected restraints:    35038    35038
              Explicitly excluded atom pairs in memory :        0
              Pseudo atoms in memory                   :        0
840 (of 3315 total) atoms selected for optimization
openf___224_> Open           PTEN-seq.ini

Dynamically allocated memory at       amaxmodel [B,KiB,MiB]:      6331884    6183.480     6.039
read_mo_297_> Segments, residues, atoms:        1      402     3315
read_mo_298_> Segment:        1     1   402     3315
randomi_498_> Atoms,selected atoms,random_seed,amplitude:     3315      840        1        4.0000
randomi_496_> Amplitude is > 0; randomization is done.
pick_re_612_> Number of MODEL atoms, selected restraints;      840     3598
pick_re_612_> Number of MODEL atoms, selected restraints;      840     3715
pick_re_612_> Number of MODEL atoms, selected restraints;      840     3787
pick_re_612_> Number of MODEL atoms, selected restraints;      840     3867
pick_re_612_> Number of MODEL atoms, selected restraints;      840     3947
pick_re_612_> Number of MODEL atoms, selected restraints;      840     3971
pick_re_612_> Number of MODEL atoms, selected restraints;      840     4095
pick_re_612_> Number of MODEL atoms, selected restraints;      840     4095
pick_re_612_> Number of MODEL atoms, selected restraints;      840     4123

Dynamically allocated memory at  amaxrestraints [B,KiB,MiB]:      6704024    6546.898     6.393
pick_re_612_> Number of MODEL atoms, selected restraints;      840     4290
pick_re_612_> Number of MODEL atoms, selected restraints;      840     4290
pick_re_612_> Number of MODEL atoms, selected restraints;      840     4290
iupac_m_487_> NH1/2 swapped:     -176.5096       10    10
iupac_m_487_> NH1/2 swapped:      179.8916       13    13
iupac_m_487_> NH1/2 swapped:      178.9212       14    14
iupac_m_486_> OE1/2 will be swapped:     -178.5022       17    17
iupac_m_485_> OD1/2 will be swapped:      160.8784       18    18
iupac_m_485_> OD1/2 will be swapped:     -162.0932       21    21
iupac_m_483_> CD1/2 CE1/2 swapped:       90.3719       28    28
iupac_m_397W> Atoms were not swapped because of the uncertainty of how to handle the H atom.
iupac_m_483_> CD1/2 CE1/2 swapped:     -177.6704       45    45
iupac_m_397W> Atoms were not swapped because of the uncertainty of how to handle the H atom.
iupac_m_486_> OE1/2 will be swapped:     -176.2131       72    72
iupac_m_483_> CD1/2 CE1/2 swapped:      105.6956       89    89
iupac_m_397W> Atoms were not swapped because of the uncertainty of how to handle the H atom.
iupac_m_486_> OE1/2 will be swapped:      155.3684       90    90
iupac_m_485_> OD1/2 will be swapped:     -174.6183       91    91
iupac_m_486_> OE1/2 will be swapped:     -178.7540      113   113
iupac_m_486_> OE1/2 will be swapped:      175.5404      149   149
iupac_m_485_> OD1/2 will be swapped:      168.6463      152   152
iupac_m_485_> OD1/2 will be swapped:     -170.0005      161   161
iupac_m_483_> CD1/2 CE1/2 swapped:      169.7687      176   176
iupac_m_397W> Atoms were not swapped because of the uncertainty of how to handle the H atom.
iupac_m_485_> OD1/2 will be swapped:     -173.5335      186   186
iupac_m_483_> CD1/2 CE1/2 swapped:     -178.0341      194   194
iupac_m_397W> Atoms were not swapped because of the uncertainty of how to handle the H atom.
iupac_m_486_> OE1/2 will be swapped:      179.4718      200   200
iupac_m_483_> CD1/2 CE1/2 swapped:       90.1161      214   214
iupac_m_397W> Atoms were not swapped because of the uncertainty of how to handle the H atom.
iupac_m_484W> Dihedral still outside +-90:      -90.8757
iupac_m_486_> OE1/2 will be swapped:      140.8031      234   234
iupac_m_486_> OE1/2 will be swapped:      170.1953      283   283
iupac_m_485_> OD1/2 will be swapped:      132.4603      296   296
iupac_m_485_> OD1/2 will be swapped:      176.6693      300   300
iupac_m_486_> OE1/2 will be swapped:     -158.5641      306   306
iupac_m_485_> OD1/2 will be swapped:      178.3872      325   325
iupac_m_486_> OE1/2 will be swapped:     -174.2779      351   351
iupac_m_486_> OE1/2 will be swapped:     -176.0549      352   352
iupac_m_486_> OE1/2 will be swapped:      179.9344      357   357
iupac_m_485_> OD1/2 will be swapped:     -173.0475      367   367
iupac_m_485_> OD1/2 will be swapped:      175.0644      370   370
iupac_m_485_> OD1/2 will be swapped:      174.9456      374   374
iupac_m_487_> NH1/2 swapped:      179.8430      377   377
iupac_m_485_> OD1/2 will be swapped:      176.5719      380   380
iupac_m_485_> OD1/2 will be swapped:      172.6155      383   383
iupac_m_485_> OD1/2 will be swapped:      171.7232      385   385
iupac_m_486_> OE1/2 will be swapped:      180.0000      389   389
iupac_m_485_> OD1/2 will be swapped:      173.9227      392   392
iupac_m_486_> OE1/2 will be swapped:      179.9802      393   393
iupac_m_485_> OD1/2 will be swapped:      175.5785      394   394


>> ENERGY; Differences between the model's features and restraints:
Number of all residues in MODEL                   :      402
Number of all, selected real atoms                :     3315     840
Number of all, selected pseudo atoms              :        0       0
Number of all static, selected restraints         :    35038    4290
COVALENT_CYS                                      :        F
NONBONDED_SEL_ATOMS                               :        1
Number of non-bonded pairs (excluding 1-2,1-3,1-4):     1331
Dynamic pairs routine                             : 5, NATM_SEL x NATM double loop
Atomic shift for contacts update (UPDATE_DYNAMIC) :    0.390
LENNARD_JONES_SWITCH                              :    6.500   7.500
COULOMB_JONES_SWITCH                              :    6.500   7.500
RESIDUE_SPAN_RANGE                                :        0   99999
NLOGN_USE                                         :       15
CONTACT_SHELL                                     :    4.000
DYNAMIC_PAIRS,_SPHERE,_COULOMB,_LENNARD,_MODELLER :        T       T       F       F       F
SPHERE_STDV                                       :    0.050
RADII_FACTOR                                      :    0.820
Current energy                                    :         588.0432





Summary of the restraint violations: 

   NUM     ... number of restraints.
   NUMVI   ... number of restraints with RVIOL > VIOL_REPORT_CUT[i].
   RVIOL   ... relative difference from the best value.
   NUMVP   ... number of restraints with -Ln(pdf) > VIOL_REPORT_CUT2[i].
   RMS_1   ... RMS(feature, minimally_violated_basis_restraint, NUMB).
   RMS_2   ... RMS(feature, best_value, NUMB).
   MOL.PDF ... scaled contribution to -Ln(Molecular pdf).

 #                     RESTRAINT_GROUP      NUM   NUMVI  NUMVP   RMS_1   RMS_2         MOL.PDF     S_i
------------------------------------------------------------------------------------------------------
 1 Bond length potential              :     855       0      0   0.003   0.003      1.6771       1.000
 2 Bond angle potential               :    1164       0      1   1.470   1.470      49.091       1.000
 3 Stereochemical cosine torsion poten:     527       0     32  54.743  54.743      243.73       1.000
 4 Stereochemical improper torsion pot:     335       0      0   0.884   0.884      6.3012       1.000
 5 Soft-sphere overlap restraints     :    1331       0      0   0.002   0.002     0.87252       1.000
 6 Lennard-Jones 6-12 potential       :       0       0      0   0.000   0.000      0.0000       1.000
 7 Coulomb point-point electrostatic p:       0       0      0   0.000   0.000      0.0000       1.000
 8 H-bonding potential                :       7       0      0   0.085   0.085      1.2228       1.000
 9 Distance restraints 1 (CA-CA)      :     252       0      0   0.232   0.232      6.8344       1.000
10 Distance restraints 2 (N-O)        :     235       0      1   0.409   0.409      25.854       1.000
11 Mainchain Phi dihedral restraints  :       0       0      0   0.000   0.000      0.0000       1.000
12 Mainchain Psi dihedral restraints  :       0       0      0   0.000   0.000      0.0000       1.000
13 Mainchain Omega dihedral restraints:     107       0      0   2.485   2.485      7.7945       1.000
14 Sidechain Chi_1 dihedral restraints:     100       0      0  93.316  93.316      33.601       1.000
15 Sidechain Chi_2 dihedral restraints:      72       0      1  71.003  71.003      34.538       1.000
16 Sidechain Chi_3 dihedral restraints:      37       0      0 116.406 116.406      29.571       1.000
17 Sidechain Chi_4 dihedral restraints:      10       0      0 103.455 103.455      7.3835       1.000
18 Disulfide distance restraints      :       0       0      0   0.000   0.000      0.0000       1.000
19 Disulfide angle restraints         :       0       0      0   0.000   0.000      0.0000       1.000
20 Disulfide dihedral angle restraints:       0       0      0   0.000   0.000      0.0000       1.000
21 Lower bound distance restraints    :       0       0      0   0.000   0.000      0.0000       1.000
22 Upper bound distance restraints    :       0       0      0   0.000   0.000      0.0000       1.000
23 Distance restraints 3 (SDCH-MNCH)  :     200       0      0   0.679   0.679      11.625       1.000
24 Sidechain Chi_5 dihedral restraints:       0       0      0   0.000   0.000      0.0000       1.000
25 Phi/Psi pair of dihedral restraints:     118      70     11  28.878 136.506      106.24       1.000
26 Distance restraints 4 (SDCH-SDCH)  :     148       0      1   0.939   0.939      16.466       1.000
27 Distance restraints 5 (X-Y)        :     123       0      0   0.063   0.063      5.2459       1.000
28 NMR distance restraints 6 (X-Y)    :       0       0      0   0.000   0.000      0.0000       1.000
29 NMR distance restraints 7 (X-Y)    :       0       0      0   0.000   0.000      0.0000       1.000
30 Minimal distance restraints        :       0       0      0   0.000   0.000      0.0000       1.000
31 Non-bonded restraints              :       0       0      0   0.000   0.000      0.0000       1.000
32 Atomic accessibility restraints    :       0       0      0   0.000   0.000      0.0000       1.000
33 Atomic density restraints          :       0       0      0   0.000   0.000      0.0000       1.000
34 Absolute position restraints       :       0       0      0   0.000   0.000      0.0000       1.000
35 Dihedral angle difference restraint:       0       0      0   0.000   0.000      0.0000       1.000
36 GBSA implicit solvent potential    :       0       0      0   0.000   0.000      0.0000       1.000
37 EM density fitting potential       :       0       0      0   0.000   0.000      0.0000       1.000
38 SAXS restraints                    :       0       0      0   0.000   0.000      0.0000       1.000
39 Symmetry restraints                :       0       0      0   0.000   0.000      0.0000       1.000



openf___224_> Open           PTEN-seq.V99990001
# Heavy relative violation of each residue is written to: PTEN-seq.V99990001
# The profile is NOT normalized by the number of restraints.
# The profiles are smoothed over a window of residues:    1
# The sum of all numbers in the file:   19273.9941



List of the violated restraints:
   A restraint is violated when the relative difference
   from the best value (RVIOL) is larger than CUTOFF.

   ICSR   ... index of a restraint in the current set.
   RESNO  ... residue numbers of the first two atoms.
   ATM    ... IUPAC atom names of the first two atoms.
   FEAT   ... the value of the feature in the model.
   restr  ... the mean of the basis restraint with the smallest
              difference from the model (local minimum).
   viol   ... difference from the local minimum.
   rviol  ... relative difference from the local minimum.
   RESTR  ... the best value (global minimum).
   VIOL   ... difference from the best value.
   RVIOL  ... relative difference from the best value.


-------------------------------------------------------------------------------------------------

Feature 25                           : Phi/Psi pair of dihedral restraints     
List of the RVIOL violations larger than   :       6.5000

    #   ICSR  RESNO1/2 ATM1/2   INDATM1/2    FEAT   restr    viol   rviol   RESTR    VIOL   RVIOL
    1  11714   2A   3I C   N      11   13  -64.31  -63.40    1.07    0.17 -120.60 -177.75    8.37
    1          3I   3I N   CA     13   14  -43.04  -43.60                  130.30
    2  11715   3I   4I C   N      19   21  -64.32  -63.40    2.33    0.36 -120.60 -179.25    8.29
    2          4I   4I N   CA     21   22  -41.46  -43.60                  130.30
    3  11718   6E   7I C   N      45   47  -64.63  -63.40    2.47    0.38 -120.60 -179.34    8.29
    3          7I   7I N   CA     47   48  -41.47  -43.60                  130.30
    4  11719   7I   8V C   N      53   55  -63.63  -62.40    2.28    0.25 -125.40 -173.27   10.45
    4          8V   8V N   CA     55   56  -40.48  -42.40                  143.30
    5  11723  11N  12K C   N      85   87  162.30 -118.00   79.80    3.08  -62.90 -138.40   25.96
    5         12K  12K N   CA     87   88  135.08  139.10                  -40.80
    6  11726  14R  15Y C   N     116  118 -161.19  -63.50   98.36   16.40   55.90  159.77   13.30
    6         15Y  15Y N   CA    118  119  -31.91  -43.40                   39.50
    7  11732  20F  21D C   N     169  171  139.66   54.50   87.18   10.99   54.50   87.18   10.99
    7         21D  21D N   CA    171  172   59.54   40.90                   40.90
    8  11992 280P 281G C   N    2341 2343 -158.35 -167.20  111.41    4.26   82.20  131.52   10.18
    8        281G 281G N   CA   2343 2344   63.54  174.60                    8.50
    9  11993 281G 282P C   N    2345 2347  -58.25  -58.70    1.06    0.12  -64.50  176.85   12.87
    9        282P 282P N   CA   2347 2348  -29.54  -30.50                  147.20
   10  11994 282P 283E C   N    2352 2354  -73.22  -69.30    4.27    0.37  -63.60  179.14   24.42
   10        283E 283E N   CA   2354 2355  140.81  142.50                  -40.30
   11  11995 283E 284E C   N    2361 2363 -136.70 -117.80   19.52    0.61  -63.60 -167.59   29.77
   11        284E 284E N   CA   2363 2364  141.71  136.80                  -40.30
   12  11996 284E 285T C   N    2370 2372 -127.19 -124.80    9.93    0.50  -63.20 -172.77   20.51
   12        285T 285T N   CA   2372 2373  133.86  143.50                  -42.10
   13  11997 285T 286S C   N    2377 2379 -167.19 -136.60   38.02    1.17  -64.10 -176.99   20.70
   13        286S 286S N   CA   2379 2380  173.78  151.20                  -35.00
   14  11998 286S 287E C   N    2383 2385  -71.05  -69.30    4.39    0.27  -63.60  173.34   23.52
   14        287E 287E N   CA   2385 2386  146.52  142.50                  -40.30
   15  11999 287E 288K C   N    2392 2394  -86.49  -70.20   29.76    2.46  -62.90  158.07   19.36
   15        288K 288K N   CA   2394 2395  115.49  140.40                  -40.80
   16  12001 289V 290E C   N    2408 2410 -141.25 -117.80   24.19    0.76  -63.60 -166.76   30.13
   16        290E 290E N   CA   2410 2411  142.75  136.80                  -40.30
   17  12002 290E 291N C   N    2417 2419  -89.04  -71.20   18.32    1.42  -63.20 -178.43   21.37
   17        291N 291N N   CA   2419 2420  138.63  142.80                  -41.10
   18  12003 291N 292G C   N    2425 2427  -69.29  -80.20   63.30    1.96   82.20 -176.67    7.20
   18        292G 292G N   CA   2427 2428  111.75  174.10                    8.50
   19  12004 292G 293S C   N    2429 2431  167.63 -136.60   59.21    1.90  -64.10 -159.65   23.76
   19        293S 293S N   CA   2431 2432  171.09  151.20                  -35.00
   20  12005 293S 294L C   N    2435 2437  -73.77  -70.70    3.46    0.25  -63.50  175.90   25.02
   20        294L 294L N   CA   2437 2438  143.20  141.60                  -41.20
   21  12008 296D 297Q C   N    2457 2459 -148.23 -121.10   60.92    2.34  -63.80  151.21   26.48
   21        297Q 297Q N   CA   2459 2460 -165.75  139.70                  -40.30
   22  12009 297Q 298E C   N    2466 2468  -68.36  -69.30   14.47    1.14  -63.60  162.83   21.97
   22        298E 298E N   CA   2468 2469  156.94  142.50                  -40.30
   23  12011 299I 300D C   N    2483 2485  -83.99  -96.50   27.76    1.17  -63.30  131.06   15.04
   23        300D 300D N   CA   2485 2486   89.42  114.20                  -40.00
   24  12014 302I 303C C   N    2505 2507  -60.96  -63.00    3.98    0.42 -117.90 -176.56    7.92
   24        303C 303C N   CA   2507 2508  -44.52  -41.10                  141.10
   25  12018 306E 307R C   N    2534 2536   63.90   57.30   32.15    1.71  -63.00  135.55   24.46
   25        307R 307R N   CA   2536 2537    6.53   38.00                  -41.10
   26  12020 308A 309D C   N    2550 2552 -103.97  -96.50    7.92    0.32  -63.30  156.92   17.31
   26        309D 309D N   CA   2552 2553  111.56  114.20                  -40.00
   27  12022 310N 311D C   N    2566 2568 -100.45  -96.50   47.80    2.00  -63.30  112.85   12.20
   27        311D 311D N   CA   2568 2569   66.56  114.20                  -40.00
   28  12062 350V 351E C   N    2903 2905  -76.04  -69.30   14.08    1.26  -63.60  170.89   22.13
   28        351E 351E N   CA   2905 2906  130.14  142.50                  -40.30
   29  12063 351E 352E C   N    2912 2914 -164.19 -117.80   46.44    1.65  -63.60 -154.35   23.77
   29        352E 352E N   CA   2914 2915  139.07  136.80                  -40.30
   30  12065 353P 354S C   N    2928 2930 -157.43 -136.60   21.18    0.94  -64.10 -159.33   21.24
   30        354S 354S N   CA   2930 2931  147.35  151.20                  -35.00
   31  12066 354S 355N C   N    2934 2936  -84.98  -71.20   15.61    0.93  -63.20  170.17   22.50
   31        355N 355N N   CA   2936 2937  150.13  142.80                  -41.10
   32  12068 356P 357E C   N    2949 2951 -109.94 -117.80   19.44    0.79  -63.60  165.93   19.96
   32        357E 357E N   CA   2951 2952  119.02  136.80                  -40.30
   33  12069 357E 358A C   N    2958 2960 -161.89 -134.00   28.64    0.73  -62.50 -166.85   36.95
   33        358A 358A N   CA   2960 2961  153.49  147.00                  -40.90
   34  12070 358A 359S C   N    2963 2965 -139.69 -136.60   12.89    0.71  -64.10 -170.58   11.82
   34        359S 359S N   CA   2965 2966  138.69  151.20                  -35.00
   35  12071 359S 360S C   N    2969 2971 -152.42 -136.60   16.19    0.56  -64.10 -168.13   20.24
   35        360S 360S N   CA   2971 2972  154.66  151.20                  -35.00
   36  12072 360S 361S C   N    2975 2977 -142.63 -136.60    6.51    0.32  -64.10 -167.04   19.58
   36        361S 361S N   CA   2977 2978  148.74  151.20                  -35.00
   37  12073 361S 362T C   N    2981 2983 -123.56 -124.80    4.40    0.15  -63.20 -171.45   28.18
   37        362T 362T N   CA   2983 2984  139.27  143.50                  -42.10
   38  12074 362T 363S C   N    2988 2990 -139.35 -136.60    3.01    0.09  -64.10 -171.74   19.00
   38        363S 363S N   CA   2990 2991  152.43  151.20                  -35.00
   39  12076 364V 365T C   N    3001 3003 -111.10 -124.80   33.03    1.07  -63.20  162.76   18.14
   39        365T 365T N   CA   3003 3004  113.45  143.50                  -42.10
   40  12077 365T 366P C   N    3008 3010  -69.52  -58.70   14.45    1.08  -64.50  168.19   12.82
   40        366P 366P N   CA   3010 3011  -20.92  -30.50                  147.20
   41  12078 366P 367D C   N    3015 3017  -69.97  -70.90    6.85    0.29  -63.30  176.62   22.21
   41        367D 367D N   CA   3017 3018  143.51  150.30                  -40.00
   42  12080 368V 369S C   N    3030 3032 -108.01 -136.60   32.83    1.00  -64.10  175.64   10.93
   42        369S 369S N   CA   3032 3033  135.06  151.20                  -35.00
   43  12081 369S 370D C   N    3036 3038 -101.89  -96.50    5.49    0.23  -63.30  159.95   17.76
   43        370D 370D N   CA   3038 3039  115.22  114.20                  -40.00
   44  12082 370D 371N C   N    3044 3046 -111.07 -119.90   11.20    0.33  -63.20  177.77   19.97
   44        371N 371N N   CA   3046 3047  130.11  137.00                  -41.10
   45  12083 371N 372E C   N    3052 3054 -115.47 -117.80    3.74    0.20  -63.60 -172.70   27.91
   45        372E 372E N   CA   3054 3055  139.72  136.80                  -40.30
   46  12085 373P 374D C   N    3068 3070 -102.55  -96.50    6.06    0.25  -63.30  158.73   17.59
   46        374D 374D N   CA   3070 3071  113.80  114.20                  -40.00
   47  12086 374D 375H C   N    3076 3078 -110.18 -125.60   24.13    0.61  -63.20  169.19   18.71
   47        375H 375H N   CA   3078 3079  120.23  138.80                  -42.30
   48  12087 375H 376Y C   N    3086 3088 -128.63 -124.30    5.84    0.27  -63.50 -171.14   33.24
   48        376Y 376Y N   CA   3088 3089  139.32  135.40                  -43.40
   49  12088 376Y 377R C   N    3098 3100 -107.22 -125.20   26.60    0.83  -63.00  168.02   20.11
   49        377R 377R N   CA   3100 3101  121.00  140.60                  -41.10
   50  12089 377R 378Y C   N    3109 3111 -130.82 -124.30    9.95    0.42  -63.50 -173.72   32.93
   50        378Y 378Y N   CA   3111 3112  142.91  135.40                  -43.40
   51  12090 378Y 379S C   N    3121 3123 -127.57 -136.60   12.01    0.38  -64.10 -170.76   11.66
   51        379S 379S N   CA   3123 3124  143.28  151.20                  -35.00
   52  12091 379S 380D C   N    3127 3129 -111.89  -96.50   24.17    0.99  -63.30  144.00   15.53
   52        380D 380D N   CA   3129 3130   95.56  114.20                  -40.00
   53  12092 380D 381T C   N    3135 3137 -127.53 -124.80    4.20    0.25  -63.20 -171.11   28.48
   53        381T 381T N   CA   3137 3138  140.30  143.50                  -42.10
   54  12093 381T 382T C   N    3142 3144 -123.94 -124.80    5.98    0.23  -63.20 -170.33   20.93
   54        382T 382T N   CA   3144 3145  137.58  143.50                  -42.10
   55  12094 382T 383D C   N    3149 3151 -114.09  -96.50   28.32    1.17  -63.30  141.44   15.19
   55        383D 383D N   CA   3151 3152   92.01  114.20                  -40.00
   56  12095 383D 384S C   N    3157 3159 -137.62 -136.60    2.91    0.16  -64.10 -168.77   19.07
   56        384S 384S N   CA   3159 3160  148.47  151.20                  -35.00
   57  12096 384S 385D C   N    3163 3165 -109.53  -96.50   14.47    0.60  -63.30  167.02   18.32
   57        385D 385D N   CA   3165 3166  120.49  114.20                  -40.00
   58  12098 386P 387E C   N    3178 3180 -126.03 -117.80    8.26    0.29  -63.60 -171.62   22.33
   58        387E 387E N   CA   3180 3181  137.43  136.80                  -40.30
   59  12099 387E 388N C   N    3187 3189 -126.83 -119.90    8.63    0.46  -63.20 -175.71   20.26
   59        388N 388N N   CA   3189 3190  131.86  137.00                  -41.10
   60  12100 388N 389E C   N    3195 3197 -132.97 -117.80   15.69    0.68  -63.60 -173.52   21.90
   60        389E 389E N   CA   3197 3198  132.79  136.80                  -40.30
   61  12102 390P 391F C   N    3211 3213  -96.43  -71.40   36.88    3.25  -63.20  161.38   20.29
   61        391F 391F N   CA   3213 3214  113.62  140.70                  -44.30
   62  12103 391F 392D C   N    3222 3224 -125.76  -96.50   29.26    1.19  -63.30  166.44   17.81
   62        392D 392D N   CA   3224 3225  114.28  114.20                  -40.00
   63  12104 392D 393E C   N    3230 3232 -115.91 -117.80    5.91    0.25  -63.60  179.30   21.49
   63        393E 393E N   CA   3232 3233  131.20  136.80                  -40.30
   64  12105 393E 394D C   N    3239 3241 -111.22  -96.50   16.23    0.67  -63.30  168.01   18.38
   64        394D 394D N   CA   3241 3242  121.03  114.20                  -40.00
   65  12106 394D 395Q C   N    3247 3249 -121.55 -121.10    9.25    0.43  -63.80 -179.74   29.58
   65        395Q 395Q N   CA   3249 3250  148.94  139.70                  -40.30
   66  12107 395Q 396H C   N    3256 3258 -121.40 -125.60   16.21    0.69  -63.20  173.31   25.48
   66        396H 396H N   CA   3258 3259  154.46  138.80                  -42.30
   67  12108 396H 397T C   N    3266 3268 -115.82 -124.80    8.99    0.47  -63.20 -177.80   26.87
   67        397T 397T N   CA   3268 3269  143.46  143.50                  -42.10
   68  12109 397T 398Q C   N    3273 3275 -118.10 -121.10   16.47    0.83  -63.80  172.57   28.26
   68        398Q 398Q N   CA   3275 3276  155.90  139.70                  -40.30
   69  12111 399I 400T C   N    3290 3292 -121.00 -124.80   18.01    0.88  -63.20  167.11   25.25
   69        400T 400T N   CA   3292 3293  161.10  143.50                  -42.10
   70  12112 400T 401K C   N    3297 3299  -68.56  -70.20    1.83    0.12  -62.90  179.71   23.65
   70        401K 401K N   CA   3299 3300  139.58  140.40                  -40.80


report______> Distribution of short non-bonded contacts:

  serious non-bonded atom clash:  1676 1953   2.251

DISTANCE1:  0.00 2.10 2.20 2.30 2.40 2.50 2.60 2.70 2.80 2.90 3.00 3.10 3.20 3.30 3.40
DISTANCE2:  2.10 2.20 2.30 2.40 2.50 2.60 2.70 2.80 2.90 3.00 3.10 3.20 3.30 3.40 3.50
FREQUENCY:     0    0    1    1    2   17   47  106  151  194  262  285  359  390  444


<< end of ENERGY.
openf___224_> Open           PTEN-seq.B99990001.pdb
wrpdb___568_> Residues, atoms, selected atoms:      402     3315     3315

>> Summary of successfully produced models:
Filename                          molpdf
----------------------------------------
PTEN-seq.B99990001.pdb         588.04315


Dynamically allocated memory at          finish [B,KiB,MiB]:      6704024    6546.898     6.393
Starting time                                            : 2022/01/24 09:03:40
Closing time                                             : 2022/01/24 09:04:13
Total CPU time [seconds]                                 :      32.50
